My server Id: 1
My server Id: 0
Got the following server configs: {[{0 localhost 8080} {1 localhost 8081} {2 localhost 8082} {3 localhost 8083} {4 localhost 8084} {5 localhost 8085} {6 localhost 8086} {7 localhost 8087} {8 localhost 8088} {9 localhost 8089} {10 localhost 8090} {11 localhost 8091} {12 localhost 8092} {13 localhost 8093} {14 localhost 8094} {15 localhost 8095}]}
Got the following server configs: {[{0 localhost 8080} {1 localhost 8081} {2 localhost 8082} {3 localhost 8083} {4 localhost 8084} {5 localhost 8085} {6 localhost 8086} {7 localhost 8087} {8 localhost 8088} {9 localhost 8089} {10 localhost 8090} {11 localhost 8091} {12 localhost 8092} {13 localhost 8093} {14 localhost 8094} {15 localhost 8095}]}
0  keyToServerMapping  0
0  keyToServerMapping  0
0  keyToServerMapping  0
0  keyToServerMapping  0
1  keyToServerMapping  0
1  First time connection
1  Connecting to socket  localhost:8080
0  keyToServerMapping  0
0  keyToServerMapping  0
0  keyToServerMapping  0
0  keyToServerMapping  0
0  keyToServerMapping  0
0  keyToServerMapping  0
0  Reached end of file while reading key
0  Finished reading records in the file
1  Connection to socket successful
0  Connection accepted  &{{0xc000112280}}
1  * conn &{{0xc0000c2380}}
1  conn &{{0xc0000c2380}}
1 Sent 101 bytes
1  keyToServerMapping  0
1  Connection already exists
1  conn &{{0xc0000c2380}}
1 Sent 101 bytes
1  keyToServerMapping  0
1  Connection already exists
1  conn &{{0xc0000c2380}}
1 Sent 101 bytes
0 added channel current length 1 2023-01-21 15:50:45.848433 -0800 PST m=+0.004937791
1  keyToServerMapping  0
1  Connection already exists
1  conn &{{0xc0000c2380}}
0  Receive data in progress  &{{0xc000112280}}
1 Sent 101 bytes
0  partial buf data [0 110 111 133 60 88 26 200 242 245 41 247 62 155 97 58 140 148 70 159 86 93 92 117 228 83 58 194 240 166 121 231 232 27 136 255 119 215 26 133 129 77 190 193 132 1 197 80 103 10 232 28 36 127 89 11 241 15 250 12 149 214 171 23 65 111 0 15 120 163 87 107 55 63 3 255 33 105 200 216 234 85 146 50 94 62 228 13 218 98 95 227 232 202 164 45 160 203 249 35 46]
1  keyToServerMapping  0
0  Bytes read  101
1  Connection already exists
0  buf content [0 110 111 133 60 88 26 200 242 245 41 247 62 155 97 58 140 148 70 159 86 93 92 117 228 83 58 194 240 166 121 231 232 27 136 255 119 215 26 133 129 77 190 193 132 1 197 80 103 10 232 28 36 127 89 11 241 15 250 12 149 214 171 23 65 111 0 15 120 163 87 107 55 63 3 255 33 105 200 216 234 85 146 50 94 62 228 13 218 98 95 227 232 202 164 45 160 203 249 35 46]
1  conn &{{0xc0000c2380}}
0  data content [0 110 111 133 60 88 26 200 242 245 41 247 62 155 97 58 140 148 70 159 86 93 92 117 228 83 58 194 240 166 121 231 232 27 136 255 119 215 26 133 129 77 190 193 132 1 197 80 103 10 232 28 36 127 89 11 241 15 250 12 149 214 171 23 65 111 0 15 120 163 87 107 55 63 3 255 33 105 200 216 234 85 146 50 94 62 228 13 218 98 95 227 232 202 164 45 160 203 249 35 46]
0  stream complete value  false 0
1 Sent 101 bytes
1  keyToServerMapping  0
1  Connection already exists
0  stream not complete  [110 111 133 60 88 26 200 242 245 41] [247 62 155 97 58 140 148 70 159 86 93 92 117 228 83 58 194 240 166 121 231 232 27 136 255 119 215 26 133 129 77 190 193 132 1 197 80 103 10 232 28 36 127 89 11 241 15 250 12 149 214 171 23 65 111 0 15 120 163 87 107 55 63 3 255 33 105 200 216 234 85 146 50 94 62 228 13 218 98 95 227 232 202 164 45 160 203 249 35 46]
1  conn &{{0xc0000c2380}}
1 Sent 101 bytes
1  keyToServerMapping  0
1  Connection already exists
1  conn &{{0xc0000c2380}}
1 Sent 101 bytes
1  keyToServerMapping  0
1  Connection already exists
1  conn &{{0xc0000c2380}}
1 Sent 101 bytes
1  keyToServerMapping  0
1  Connection already exists
1  conn &{{0xc0000c2380}}
1 Sent 101 bytes
1  keyToServerMapping  0
1  Connection already exists
1  conn &{{0xc0000c2380}}
1 Sent 101 bytes
1  Reached end of file while reading key
1  Finished reading records in the file
0  closing openConnections total -  0
0  connections closed
0 size of channel array  1 2023-01-21 15:50:46.248016 -0800 PST m=+0.404463830
0  partial buf data [0 121 139 58 232 221 191 63 139 107 63 182 181 31 174 103 145 233 197 90 121 200 14 227 211 53 236 148 249 198 205 119 218 172 215 77 19 193 113 120 169 114 103 78 214 248 118 138 246 25 14 23 252 110 79 34 124 76 230 171 173 48 128 21 1 69 235 138 198 168 27 139 234 179 73 6 165 98 55 239 218 250 82 29 136 26 198 28 247 213 218 78 26 65 80 213 86 29 246 218 80]
0  Bytes read  101
0  buf content [0 121 139 58 232 221 191 63 139 107 63 182 181 31 174 103 145 233 197 90 121 200 14 227 211 53 236 148 249 198 205 119 218 172 215 77 19 193 113 120 169 114 103 78 214 248 118 138 246 25 14 23 252 110 79 34 124 76 230 171 173 48 128 21 1 69 235 138 198 168 27 139 234 179 73 6 165 98 55 239 218 250 82 29 136 26 198 28 247 213 218 78 26 65 80 213 86 29 246 218 80]
0  data content [0 121 139 58 232 221 191 63 139 107 63 182 181 31 174 103 145 233 197 90 121 200 14 227 211 53 236 148 249 198 205 119 218 172 215 77 19 193 113 120 169 114 103 78 214 248 118 138 246 25 14 23 252 110 79 34 124 76 230 171 173 48 128 21 1 69 235 138 198 168 27 139 234 179 73 6 165 98 55 239 218 250 82 29 136 26 198 28 247 213 218 78 26 65 80 213 86 29 246 218 80]
0  stream complete value  false 0
0  stream not complete  [121 139 58 232 221 191 63 139 107 63] [182 181 31 174 103 145 233 197 90 121 200 14 227 211 53 236 148 249 198 205 119 218 172 215 77 19 193 113 120 169 114 103 78 214 248 118 138 246 25 14 23 252 110 79 34 124 76 230 171 173 48 128 21 1 69 235 138 198 168 27 139 234 179 73 6 165 98 55 239 218 250 82 29 136 26 198 28 247 213 218 78 26 65 80 213 86 29 246 218 80]
0  partial buf data [0 168 61 95 69 117 63 30 118 218 52 208 73 128 140 233 15 226 36 31 156 128 100 5 188 194 178 238 61 168 157 245 249 57 65 172 195 203 218 204 85 201 75 246 143 37 50 64 62 22 168 29 180 255 84 249 191 223 240 77 236 70 102 137 169 166 227 242 122 203 139 76 17 226 149 210 115 94 69 241 183 176 239 75 85 169 226 140 48 42 79 64 77 15 201 158 47 77 210 3 141]
0  Bytes read  101
0  buf content [0 168 61 95 69 117 63 30 118 218 52 208 73 128 140 233 15 226 36 31 156 128 100 5 188 194 178 238 61 168 157 245 249 57 65 172 195 203 218 204 85 201 75 246 143 37 50 64 62 22 168 29 180 255 84 249 191 223 240 77 236 70 102 137 169 166 227 242 122 203 139 76 17 226 149 210 115 94 69 241 183 176 239 75 85 169 226 140 48 42 79 64 77 15 201 158 47 77 210 3 141]
0  data content [0 168 61 95 69 117 63 30 118 218 52 208 73 128 140 233 15 226 36 31 156 128 100 5 188 194 178 238 61 168 157 245 249 57 65 172 195 203 218 204 85 201 75 246 143 37 50 64 62 22 168 29 180 255 84 249 191 223 240 77 236 70 102 137 169 166 227 242 122 203 139 76 17 226 149 210 115 94 69 241 183 176 239 75 85 169 226 140 48 42 79 64 77 15 201 158 47 77 210 3 141]
0  stream complete value  false 0
0  stream not complete  [168 61 95 69 117 63 30 118 218 52] [208 73 128 140 233 15 226 36 31 156 128 100 5 188 194 178 238 61 168 157 245 249 57 65 172 195 203 218 204 85 201 75 246 143 37 50 64 62 22 168 29 180 255 84 249 191 223 240 77 236 70 102 137 169 166 227 242 122 203 139 76 17 226 149 210 115 94 69 241 183 176 239 75 85 169 226 140 48 42 79 64 77 15 201 158 47 77 210 3 141]
0  partial buf data [0 75 201 39 235 118 214 14 105 138 32 93 66 169 216 250 54 180 124 147 10 216 62 65 197 220 34 210 115 105 255 235 104 114 218 194 248 220 127 154 26 141 15 83 123 186 12 72 132 92 38 72 17 154 207 179 86 62 238 146 232 69 175 133 55 4 134 3 0 28 149 169 48 234 233 0 6 205 160 18 235 70 240 212 142 129 54 14 219 40 10 226 187 94 101 38 150 91 215 215 161]
0  Bytes read  101
0  buf content [0 75 201 39 235 118 214 14 105 138 32 93 66 169 216 250 54 180 124 147 10 216 62 65 197 220 34 210 115 105 255 235 104 114 218 194 248 220 127 154 26 141 15 83 123 186 12 72 132 92 38 72 17 154 207 179 86 62 238 146 232 69 175 133 55 4 134 3 0 28 149 169 48 234 233 0 6 205 160 18 235 70 240 212 142 129 54 14 219 40 10 226 187 94 101 38 150 91 215 215 161]
0  data content [0 75 201 39 235 118 214 14 105 138 32 93 66 169 216 250 54 180 124 147 10 216 62 65 197 220 34 210 115 105 255 235 104 114 218 194 248 220 127 154 26 141 15 83 123 186 12 72 132 92 38 72 17 154 207 179 86 62 238 146 232 69 175 133 55 4 134 3 0 28 149 169 48 234 233 0 6 205 160 18 235 70 240 212 142 129 54 14 219 40 10 226 187 94 101 38 150 91 215 215 161]
0  stream complete value  false 0
0  stream not complete  [75 201 39 235 118 214 14 105 138 32] [93 66 169 216 250 54 180 124 147 10 216 62 65 197 220 34 210 115 105 255 235 104 114 218 194 248 220 127 154 26 141 15 83 123 186 12 72 132 92 38 72 17 154 207 179 86 62 238 146 232 69 175 133 55 4 134 3 0 28 149 169 48 234 233 0 6 205 160 18 235 70 240 212 142 129 54 14 219 40 10 226 187 94 101 38 150 91 215 215 161]
0  partial buf data [0 36 176 25 140 50 54 19 229 174 64 25 39 141 9 32 110 100 235 147 167 242 32 223 104 125 222 178 51 109 0 99 208 129 116 5 143 87 195 150 43 60 140 73 233 171 97 106 219 143 141 161 225 191 161 144 129 104 96 135 189 38 222 26 162 159 211 16 239 9 57 63 93 253 126 182 67 32 37 103 231 63 231 75 170 200 128 117 31 84 165 83 148 46 131 75 8 121 161 169 228]
0  Bytes read  101
0  buf content [0 36 176 25 140 50 54 19 229 174 64 25 39 141 9 32 110 100 235 147 167 242 32 223 104 125 222 178 51 109 0 99 208 129 116 5 143 87 195 150 43 60 140 73 233 171 97 106 219 143 141 161 225 191 161 144 129 104 96 135 189 38 222 26 162 159 211 16 239 9 57 63 93 253 126 182 67 32 37 103 231 63 231 75 170 200 128 117 31 84 165 83 148 46 131 75 8 121 161 169 228]
0  data content [0 36 176 25 140 50 54 19 229 174 64 25 39 141 9 32 110 100 235 147 167 242 32 223 104 125 222 178 51 109 0 99 208 129 116 5 143 87 195 150 43 60 140 73 233 171 97 106 219 143 141 161 225 191 161 144 129 104 96 135 189 38 222 26 162 159 211 16 239 9 57 63 93 253 126 182 67 32 37 103 231 63 231 75 170 200 128 117 31 84 165 83 148 46 131 75 8 121 161 169 228]
0  stream complete value  false 0
0  stream not complete  [36 176 25 140 50 54 19 229 174 64] [25 39 141 9 32 110 100 235 147 167 242 32 223 104 125 222 178 51 109 0 99 208 129 116 5 143 87 195 150 43 60 140 73 233 171 97 106 219 143 141 161 225 191 161 144 129 104 96 135 189 38 222 26 162 159 211 16 239 9 57 63 93 253 126 182 67 32 37 103 231 63 231 75 170 200 128 117 31 84 165 83 148 46 131 75 8 121 161 169 228]
0  partial buf data [0 69 135 108 187 41 56 224 7 189 134 98 196 184 127 98 13 173 190 76 209 222 147 148 100 9 0 134 141 235 88 24 141 167 43 229 9 156 220 1 237 108 121 181 192 88 65 73 104 170 136 239 202 223 78 2 108 16 180 47 144 156 255 62 172 186 153 60 218 95 170 99 15 191 163 117 237 26 238 141 27 76 143 111 241 250 224 164 160 97 144 253 10 8 223 195 100 67 36 38 6]
0  Bytes read  101
0  buf content [0 69 135 108 187 41 56 224 7 189 134 98 196 184 127 98 13 173 190 76 209 222 147 148 100 9 0 134 141 235 88 24 141 167 43 229 9 156 220 1 237 108 121 181 192 88 65 73 104 170 136 239 202 223 78 2 108 16 180 47 144 156 255 62 172 186 153 60 218 95 170 99 15 191 163 117 237 26 238 141 27 76 143 111 241 250 224 164 160 97 144 253 10 8 223 195 100 67 36 38 6]
0  data content [0 69 135 108 187 41 56 224 7 189 134 98 196 184 127 98 13 173 190 76 209 222 147 148 100 9 0 134 141 235 88 24 141 167 43 229 9 156 220 1 237 108 121 181 192 88 65 73 104 170 136 239 202 223 78 2 108 16 180 47 144 156 255 62 172 186 153 60 218 95 170 99 15 191 163 117 237 26 238 141 27 76 143 111 241 250 224 164 160 97 144 253 10 8 223 195 100 67 36 38 6]
0  stream complete value  false 0
0  stream not complete  [69 135 108 187 41 56 224 7 189 134] [98 196 184 127 98 13 173 190 76 209 222 147 148 100 9 0 134 141 235 88 24 141 167 43 229 9 156 220 1 237 108 121 181 192 88 65 73 104 170 136 239 202 223 78 2 108 16 180 47 144 156 255 62 172 186 153 60 218 95 170 99 15 191 163 117 237 26 238 141 27 76 143 111 241 250 224 164 160 97 144 253 10 8 223 195 100 67 36 38 6]
0  partial buf data [0 172 118 251 246 177 208 229 179 231 18 245 114 200 90 90 112 7 95 78 187 159 119 212 0 75 232 130 25 84 98 139 245 149 145 158 16 67 173 14 138 173 78 76 248 156 163 158 25 90 215 11 81 41 42 111 69 92 212 102 17 226 162 157 167 193 79 229 164 189 241 99 194 119 91 72 230 68 173 68 158 181 94 211 137 105 242 188 222 62 190 82 168 85 119 27 229 242 109 195 74]
0  Bytes read  101
0  buf content [0 172 118 251 246 177 208 229 179 231 18 245 114 200 90 90 112 7 95 78 187 159 119 212 0 75 232 130 25 84 98 139 245 149 145 158 16 67 173 14 138 173 78 76 248 156 163 158 25 90 215 11 81 41 42 111 69 92 212 102 17 226 162 157 167 193 79 229 164 189 241 99 194 119 91 72 230 68 173 68 158 181 94 211 137 105 242 188 222 62 190 82 168 85 119 27 229 242 109 195 74]
0  data content [0 172 118 251 246 177 208 229 179 231 18 245 114 200 90 90 112 7 95 78 187 159 119 212 0 75 232 130 25 84 98 139 245 149 145 158 16 67 173 14 138 173 78 76 248 156 163 158 25 90 215 11 81 41 42 111 69 92 212 102 17 226 162 157 167 193 79 229 164 189 241 99 194 119 91 72 230 68 173 68 158 181 94 211 137 105 242 188 222 62 190 82 168 85 119 27 229 242 109 195 74]
0  stream complete value  false 0
0  stream not complete  [172 118 251 246 177 208 229 179 231 18] [245 114 200 90 90 112 7 95 78 187 159 119 212 0 75 232 130 25 84 98 139 245 149 145 158 16 67 173 14 138 173 78 76 248 156 163 158 25 90 215 11 81 41 42 111 69 92 212 102 17 226 162 157 167 193 79 229 164 189 241 99 194 119 91 72 230 68 173 68 158 181 94 211 137 105 242 188 222 62 190 82 168 85 119 27 229 242 109 195 74]
0  partial buf data [0 97 134 112 166 41 116 72 92 211 22 123 203 173 45 54 216 141 233 80 209 84 194 8 3 254 76 41 182 238 193 133 22 164 204 27 226 111 27 246 109 206 178 7 138 146 94 110 21 241 216 176 118 172 53 128 44 136 229 48 236 243 208 251 169 137 44 41 23 87 17 195 57 156 247 96 101 187 204 32 145 83 122 117 154 82 2 201 85 86 187 72 162 65 121 144 145 7 252 227 179]
0  Bytes read  101
0  buf content [0 97 134 112 166 41 116 72 92 211 22 123 203 173 45 54 216 141 233 80 209 84 194 8 3 254 76 41 182 238 193 133 22 164 204 27 226 111 27 246 109 206 178 7 138 146 94 110 21 241 216 176 118 172 53 128 44 136 229 48 236 243 208 251 169 137 44 41 23 87 17 195 57 156 247 96 101 187 204 32 145 83 122 117 154 82 2 201 85 86 187 72 162 65 121 144 145 7 252 227 179]
0  data content [0 97 134 112 166 41 116 72 92 211 22 123 203 173 45 54 216 141 233 80 209 84 194 8 3 254 76 41 182 238 193 133 22 164 204 27 226 111 27 246 109 206 178 7 138 146 94 110 21 241 216 176 118 172 53 128 44 136 229 48 236 243 208 251 169 137 44 41 23 87 17 195 57 156 247 96 101 187 204 32 145 83 122 117 154 82 2 201 85 86 187 72 162 65 121 144 145 7 252 227 179]
0  stream complete value  false 0
0  stream not complete  [97 134 112 166 41 116 72 92 211 22] [123 203 173 45 54 216 141 233 80 209 84 194 8 3 254 76 41 182 238 193 133 22 164 204 27 226 111 27 246 109 206 178 7 138 146 94 110 21 241 216 176 118 172 53 128 44 136 229 48 236 243 208 251 169 137 44 41 23 87 17 195 57 156 247 96 101 187 204 32 145 83 122 117 154 82 2 201 85 86 187 72 162 65 121 144 145 7 252 227 179]
0  partial buf data [0 196 94 32 100 196 192 139 66 253 246 57 201 35 146 161 162 167 69 250 167 161 59 24 185 170 210 67 208 148 69 51 98 177 205 80 249 163 23 253 224 249 174 102 54 71 83 107 191 170 131 67 40 29 39 178 228 181 230 13 109 53 101 116 117 221 91 123 8 103 199 28 166 162 77 226 43 83 71 126 110 231 48 119 105 219 89 246 147 40 248 19 127 25 238 151 17 221 162 8 46]
0  Bytes read  101
0  buf content [0 196 94 32 100 196 192 139 66 253 246 57 201 35 146 161 162 167 69 250 167 161 59 24 185 170 210 67 208 148 69 51 98 177 205 80 249 163 23 253 224 249 174 102 54 71 83 107 191 170 131 67 40 29 39 178 228 181 230 13 109 53 101 116 117 221 91 123 8 103 199 28 166 162 77 226 43 83 71 126 110 231 48 119 105 219 89 246 147 40 248 19 127 25 238 151 17 221 162 8 46]
0  data content [0 196 94 32 100 196 192 139 66 253 246 57 201 35 146 161 162 167 69 250 167 161 59 24 185 170 210 67 208 148 69 51 98 177 205 80 249 163 23 253 224 249 174 102 54 71 83 107 191 170 131 67 40 29 39 178 228 181 230 13 109 53 101 116 117 221 91 123 8 103 199 28 166 162 77 226 43 83 71 126 110 231 48 119 105 219 89 246 147 40 248 19 127 25 238 151 17 221 162 8 46]
0  stream complete value  false 0
0  stream not complete  [196 94 32 100 196 192 139 66 253 246] [57 201 35 146 161 162 167 69 250 167 161 59 24 185 170 210 67 208 148 69 51 98 177 205 80 249 163 23 253 224 249 174 102 54 71 83 107 191 170 131 67 40 29 39 178 228 181 230 13 109 53 101 116 117 221 91 123 8 103 199 28 166 162 77 226 43 83 71 126 110 231 48 119 105 219 89 246 147 40 248 19 127 25 238 151 17 221 162 8 46]
0  partial buf data [0 5 152 34 57 26 222 158 80 254 130 108 221 39 80 246 162 144 241 105 17 144 34 19 223 142 1 254 207 161 0 159 148 220 149 25 166 97 167 174 255 16 124 155 92 106 203 93 48 211 144 171 98 122 132 192 135 10 147 3 77 1 221 71 113 12 102 205 20 23 120 110 98 97 241 55 129 186 222 24 80 19 119 3 8 5 155 142 162 44 143 89 80 189 21 204 138 107 40 209 215]
0  Bytes read  101
0  buf content [0 5 152 34 57 26 222 158 80 254 130 108 221 39 80 246 162 144 241 105 17 144 34 19 223 142 1 254 207 161 0 159 148 220 149 25 166 97 167 174 255 16 124 155 92 106 203 93 48 211 144 171 98 122 132 192 135 10 147 3 77 1 221 71 113 12 102 205 20 23 120 110 98 97 241 55 129 186 222 24 80 19 119 3 8 5 155 142 162 44 143 89 80 189 21 204 138 107 40 209 215]
0  data content [0 5 152 34 57 26 222 158 80 254 130 108 221 39 80 246 162 144 241 105 17 144 34 19 223 142 1 254 207 161 0 159 148 220 149 25 166 97 167 174 255 16 124 155 92 106 203 93 48 211 144 171 98 122 132 192 135 10 147 3 77 1 221 71 113 12 102 205 20 23 120 110 98 97 241 55 129 186 222 24 80 19 119 3 8 5 155 142 162 44 143 89 80 189 21 204 138 107 40 209 215]
0  stream complete value  false 0
0  stream not complete  [5 152 34 57 26 222 158 80 254 130] [108 221 39 80 246 162 144 241 105 17 144 34 19 223 142 1 254 207 161 0 159 148 220 149 25 166 97 167 174 255 16 124 155 92 106 203 93 48 211 144 171 98 122 132 192 135 10 147 3 77 1 221 71 113 12 102 205 20 23 120 110 98 97 241 55 129 186 222 24 80 19 119 3 8 5 155 142 162 44 143 89 80 189 21 204 138 107 40 209 215]
1  closing openConnections total -  1
1  connections closed
0  partial buf data [1 0 0 0 0 0 0 0 0 0 0 0 0 0 0 0 0 0 0 0 0 0 0 0 0 0 0 0 0 0 0 0 0 0 0 0 0 0 0 0 0 0 0 0 0 0 0 0 0 0 0 0 0 0 0 0 0 0 0 0 0 0 0 0 0 0 0 0 0 0 0 0 0 0 0 0 0 0 0 0 0 0 0 0 0 0 0 0 0 0 0 0 0 0 0 0 0 0 0 0 0]
0  Bytes read  101
0  buf content [1 0 0 0 0 0 0 0 0 0 0 0 0 0 0 0 0 0 0 0 0 0 0 0 0 0 0 0 0 0 0 0 0 0 0 0 0 0 0 0 0 0 0 0 0 0 0 0 0 0 0 0 0 0 0 0 0 0 0 0 0 0 0 0 0 0 0 0 0 0 0 0 0 0 0 0 0 0 0 0 0 0 0 0 0 0 0 0 0 0 0 0 0 0 0 0 0 0 0 0 0]
0  data content [1 0 0 0 0 0 0 0 0 0 0 0 0 0 0 0 0 0 0 0 0 0 0 0 0 0 0 0 0 0 0 0 0 0 0 0 0 0 0 0 0 0 0 0 0 0 0 0 0 0 0 0 0 0 0 0 0 0 0 0 0 0 0 0 0 0 0 0 0 0 0 0 0 0 0 0 0 0 0 0 0 0 0 0 0 0 0 0 0 0 0 0 0 0 0 0 0 0 0 0 0]
0  stream complete value  true 1
0  stream complete
0  Channel closed
0  Completed reading channel  0
0 records sorted
1 size of channel array  0 2023-01-21 15:50:46.252353 -0800 PST m=+0.408941470
1 records sorted
1 testcases/testcase1/output-1.dat
0 testcases/testcase1/output-0.dat
